This is pdfTeX, Version 3.1415926-2.3-1.40.12 (MiKTeX 2.9 64-bit) (preloaded format=pdflatex 2012.3.16)  24 SEP 2012 13:52
entering extended mode
**rpz.tex
(C:\Users\Lil\10\rpz\rpz\rpz.tex
LaTeX2e <2011/06/27>
Babel <v3.8m> and hyphenation patterns for english, afrikaans, ancientgreek, ar
abic, armenian, assamese, basque, bengali, bokmal, bulgarian, catalan, coptic, 
croatian, czech, danish, dutch, esperanto, estonian, farsi, finnish, french, ga
lician, german, german-x-2009-06-19, greek, gujarati, hindi, hungarian, iceland
ic, indonesian, interlingua, irish, italian, kannada, kurmanji, lao, latin, lat
vian, lithuanian, malayalam, marathi, mongolian, mongolianlmc, monogreek, ngerm
an, ngerman-x-2009-06-19, nynorsk, oriya, panjabi, pinyin, polish, portuguese, 
romanian, russian, sanskrit, serbian, slovak, slovenian, spanish, swedish, swis
sgerman, tamil, telugu, turkish, turkmen, ukenglish, ukrainian, uppersorbian, u
senglishmax, welsh, loaded.
(C:\Users\Lil\10\rpz\rpz\G7-32.cls
Document Class: G7-32 2003/07/01 v1.0 Non Standard LaTeX document class
(C:\Users\Lil\10\rpz\rpz\G2-105.sty
Package: G2-105 2003/07/07 v1.00 General reqs. GOST 2.105-95
 (C:\Users\Lil\10\rpz\rpz\GostBase.clo
("C:\Program Files\MiKTeX 2.9\tex\latex\base\size12.clo"
File: size12.clo 2007/10/19 v1.4h Standard LaTeX file (size option)
))
\c@totalpage=\count79
\c@totaltable=\count80
\c@totalfigure=\count81
\c@totalbib=\count82
\GostAfterTitleSkip=\skip41
\GostBetweenTitleSkip=\skip42
\GostBeforTitleSkip=\skip43
\GostBeforNoTitleSkip=\skip44
\GostHTitleSpace=\skip45
\GostTitleIndent=\skip46
\Gost@ChapterIndent=\skip47
\Gost@MainChapterIndent=\skip48
\Gost@TitleDropSkip=\skip49
\c@chapter=\count83
\c@section=\count84
\c@subsection=\count85
\c@subsubsection=\count86
\NirTitleDropSkip=\skip50

("C:\Program Files\MiKTeX 2.9\tex\latex\t2\mathtext.sty"
Package: mathtext 1999/01/28 v1.0 transparent text-and-math defs
LaTeX Info: Redefining \halign on input line 111.
)
("C:\Program Files\MiKTeX 2.9\tex\latex\cmap\cmap.sty"
Package: cmap 2008/03/06 v1.0h CMap support: searchable PDF
)
("C:\Program Files\MiKTeX 2.9\tex\latex\unicode\ucs.sty"
Package: ucs 2004/10/17 UCS: Unicode input support

("C:\Program Files\MiKTeX 2.9\tex\latex\unicode\data\uni-global.def"
File: uni-global.def 2004/10/17 UCS: Unicode global data
)
\uc@secondtry=\count87
\uc@combtoks=\toks14
\uc@combtoksb=\toks15
\uc@temptokena=\toks16
)
("C:\Program Files\MiKTeX 2.9\tex\latex\base\fontenc.sty"
Package: fontenc 2005/09/27 v1.99g Standard LaTeX package

("C:\Program Files\MiKTeX 2.9\tex\latex\cyrillic\t2aenc.def"
File: t2aenc.def 2005/09/27 v1.0i Cyrillic encoding definition file
\symT2Aletters=\mathgroup4
)
LaTeX Font Info:    Try loading font information for T2A+cmr on input line 100.


("C:\Program Files\MiKTeX 2.9\tex\latex\cyrillic\t2acmr.fd"
File: t2acmr.fd 2001/08/11 v1.0a Computer Modern Cyrillic font definitions
)<<t2a.cmap>>)
("C:\Program Files\MiKTeX 2.9\tex\latex\base\inputenc.sty"
Package: inputenc 2008/03/30 v1.1d Input encoding file
\inpenc@prehook=\toks17
\inpenc@posthook=\toks18

("C:\Program Files\MiKTeX 2.9\tex\latex\unicode\utf8x.def"
File: utf8x.def 2004/10/17 UCS: Input encoding UTF-8
))
("C:\Program Files\MiKTeX 2.9\tex\generic\babel\babel.sty"
Package: babel 2008/07/08 v3.8m The Babel package

*************************************
* Local config file bblopts.cfg used
*
("C:\Program Files\MiKTeX 2.9\tex\latex\00miktex\bblopts.cfg"
File: bblopts.cfg 2006/07/31 v1.0 MiKTeX 'babel' configuration
)
("C:\Program Files\MiKTeX 2.9\tex\generic\babel\english.ldf"
Language: english 2005/03/30 v3.3o English support from the babel system

("C:\Program Files\MiKTeX 2.9\tex\generic\babel\babel.def"
File: babel.def 2008/07/08 v3.8m Babel common definitions
\babel@savecnt=\count88
\U@D=\dimen102
)
\l@canadian = a dialect from \language\l@american 
\l@australian = a dialect from \language\l@british 
\l@newzealand = a dialect from \language\l@british 
)
("C:\Program Files\MiKTeX 2.9\tex\generic\babel\russianb.ldf"
Language: russianb 2008/03/21 v1.1r Russian support from the babel system
Package babel Info: Making " an active character on input line 199.
LaTeX Font Info:    Overwriting symbol font `T2Aletters' in version `bold'
(Font)                  T2A/cmr/m/n --> T2A/cmr/bx/n on input line 283.
LaTeX Font Info:    Overwriting math alphabet `\cyrmathsf' in version `bold'
(Font)                  T2A/cmss/m/n --> T2A/cmss/bx/n on input line 283.
LaTeX Font Info:    Overwriting math alphabet `\cyrmathit' in version `bold'
(Font)                  T2A/cmr/m/it --> T2A/cmr/bx/it on input line 283.
))
("C:\Program Files\MiKTeX 2.9\tex\latex\base\flafter.sty"
Package: flafter 2000/07/23 v1.2i Standard LaTeX floats after reference (FMi)
)
\GostItemGap=\skip51
\GostItemIndent=\skip52
\GostItemNestedIndent=\skip53

("C:\Program Files\MiKTeX 2.9\tex\latex\amsfonts\amssymb.sty"
Package: amssymb 2009/06/22 v3.00

("C:\Program Files\MiKTeX 2.9\tex\latex\amsfonts\amsfonts.sty"
Package: amsfonts 2009/06/22 v3.00 Basic AMSFonts support
\@emptytoks=\toks19
\symAMSa=\mathgroup5
\symAMSb=\mathgroup6
LaTeX Font Info:    Overwriting math alphabet `\mathfrak' in version `bold'
(Font)                  U/euf/m/n --> U/euf/b/n on input line 96.
))
("C:\Program Files\MiKTeX 2.9\tex\latex\ams\math\amsmath.sty"
Package: amsmath 2000/07/18 v2.13 AMS math features
\@mathmargin=\skip54

For additional information on amsmath, use the `?' option.
("C:\Program Files\MiKTeX 2.9\tex\latex\ams\math\amstext.sty"
Package: amstext 2000/06/29 v2.01

("C:\Program Files\MiKTeX 2.9\tex\latex\ams\math\amsgen.sty"
File: amsgen.sty 1999/11/30 v2.0
\@emptytoks=\toks20
\ex@=\dimen103
))
("C:\Program Files\MiKTeX 2.9\tex\latex\ams\math\amsbsy.sty"
Package: amsbsy 1999/11/29 v1.2d
\pmbraise@=\dimen104
)
("C:\Program Files\MiKTeX 2.9\tex\latex\ams\math\amsopn.sty"
Package: amsopn 1999/12/14 v2.01 operator names
)
\inf@bad=\count89
LaTeX Info: Redefining \frac on input line 211.
\uproot@=\count90
\leftroot@=\count91
LaTeX Info: Redefining \overline on input line 307.
\classnum@=\count92
\DOTSCASE@=\count93
LaTeX Info: Redefining \ldots on input line 379.
LaTeX Info: Redefining \dots on input line 382.
LaTeX Info: Redefining \cdots on input line 467.
\Mathstrutbox@=\box26
\strutbox@=\box27
\big@size=\dimen105
LaTeX Font Info:    Redeclaring font encoding OML on input line 567.
\symOMLletters=\mathgroup7
LaTeX Font Info:    Redeclaring font encoding OMS on input line 568.
\symOMSletters=\mathgroup8
\macc@depth=\count94
\c@MaxMatrixCols=\count95
\dotsspace@=\muskip10
\c@parentequation=\count96
\dspbrk@lvl=\count97
\tag@help=\toks21
\row@=\count98
\column@=\count99
\maxfields@=\count100
\andhelp@=\toks22
\eqnshift@=\dimen106
\alignsep@=\dimen107
\tagshift@=\dimen108
\tagwidth@=\dimen109
\totwidth@=\dimen110
\lineht@=\dimen111
\@envbody=\toks23
\multlinegap=\skip55
\multlinetaggap=\skip56
\mathdisplay@stack=\toks24
LaTeX Info: Redefining \[ on input line 2666.
LaTeX Info: Redefining \] on input line 2667.
)
("C:\Program Files\MiKTeX 2.9\tex\latex\was\icomma.sty"
Package: icomma 2002/03/10 v2.0 (WaS)
)
("C:\Program Files\MiKTeX 2.9\tex\latex\base\leqno.clo"
File: leqno.clo 1998/08/17 v1.1c Standard LaTeX option (left equation numbers)
)
\Gost@EqRemLen=\skip57
\Gost@@EqRemLen=\skip58

("C:\Program Files\MiKTeX 2.9\tex\latex\caption\caption.sty"
Package: caption 2012/02/19 v3.2f Customizing captions (AR)

("C:\Program Files\MiKTeX 2.9\tex\latex\caption\caption3.sty"
Package: caption3 2012/01/12 v1.4b caption3 kernel (AR)

("C:\Program Files\MiKTeX 2.9\tex\latex\graphics\keyval.sty"
Package: keyval 1999/03/16 v1.13 key=value parser (DPC)
\KV@toks@=\toks25
)
\captionmargin=\dimen112
\captionmargin@=\dimen113
\captionwidth=\dimen114
\caption@indent=\dimen115
\caption@parindent=\dimen116
\caption@hangindent=\dimen117
\abovecaptionskip=\skip59
\belowcaptionskip=\skip60
Package caption Info: Unknown document class (or package),
(caption)             standard defaults will be used.
)

Package caption Warning: Unsupported document class (or package) detected,
(caption)                usage of the caption package is not recommended.
See the caption package documentation for explanation.

Package caption Info: \@makecaption = undefined.
\c@ContinuedFloat=\count101
)
\c@figure=\count102
\c@table=\count103
 (C:\Users\Lil\10\rpz\rpz\longtable.sty
Package: longtable 2004/02/01 v4.11 Multi-page Table package (DPC)
\LTleft=\skip61
\LTright=\skip62
\LTpre=\skip63
\LTpost=\skip64
\LTchunksize=\count104
\LTcapwidth=\dimen118
\LT@head=\box28
\LT@firsthead=\box29
\LT@foot=\box30
\LT@lastfoot=\box31
\LT@cols=\count105
\LT@rows=\count106
\c@LT@tables=\count107
\c@LT@chunks=\count108
\LT@p@ftn=\toks26
)
("C:\Program Files\MiKTeX 2.9\tex\latex\footmisc\footmisc.sty"
Package: footmisc 2011/06/06 v5.5b a miscellany of footnote facilities
\FN@temptoken=\toks27
\footnotemargin=\dimen119
\c@pp@next@reset=\count109
\c@@fnserial=\count110
Package footmisc Info: Declaring symbol style bringhurst on input line 855.
Package footmisc Info: Declaring symbol style chicago on input line 863.
Package footmisc Info: Declaring symbol style wiley on input line 872.
Package footmisc Info: Declaring symbol style lamport-robust on input line 883.

Package footmisc Info: Declaring symbol style lamport* on input line 903.
Package footmisc Info: Declaring symbol style lamport*-robust on input line 924
.
)
\bibindent=\dimen120
)
("C:\Program Files\MiKTeX 2.9\tex\latex\geometry\geometry.sty"
Package: geometry 2010/09/12 v5.6 Page Geometry

("C:\Program Files\MiKTeX 2.9\tex\generic\oberdiek\ifpdf.sty"
Package: ifpdf 2011/01/30 v2.3 Provides the ifpdf switch (HO)
Package ifpdf Info: pdfTeX in PDF mode is detected.
)
("C:\Program Files\MiKTeX 2.9\tex\generic\oberdiek\ifvtex.sty"
Package: ifvtex 2010/03/01 v1.5 Switches for detecting VTeX and its modes (HO)
Package ifvtex Info: VTeX not detected.
)
("C:\Program Files\MiKTeX 2.9\tex\generic\ifxetex\ifxetex.sty"
Package: ifxetex 2010/09/12 v0.6 Provides ifxetex conditional
)
\Gm@cnth=\count111
\Gm@cntv=\count112
\c@Gm@tempcnt=\count113
\Gm@bindingoffset=\dimen121
\Gm@wd@mp=\dimen122
\Gm@odd@mp=\dimen123
\Gm@even@mp=\dimen124
\Gm@layoutwidth=\dimen125
\Gm@layoutheight=\dimen126
\Gm@layouthoffset=\dimen127
\Gm@layoutvoffset=\dimen128
\Gm@dimlist=\toks28

("C:\Program Files\MiKTeX 2.9\tex\latex\geometry\geometry.cfg"))
(C:\Users\Lil\10\rpz\rpz\G7-32.sty
Package: G7-32 2003/07/07 v1.00 Titles for GOST 7.32-2001
))
\@input{preamble-std.aux}
(C:\Users\Lil\10\rpz\rpz\preamble-std.tex
("C:\Program Files\MiKTeX 2.9\tex\latex\hyperref\hyperref.sty"
Package: hyperref 2011/12/04 v6.82m Hypertext links for LaTeX

("C:\Program Files\MiKTeX 2.9\tex\generic\oberdiek\hobsub-hyperref.sty"
Package: hobsub-hyperref 2011/04/23 v1.4 Bundle oberdiek, subset hyperref (HO)

("C:\Program Files\MiKTeX 2.9\tex\generic\oberdiek\hobsub-generic.sty"
Package: hobsub-generic 2011/04/23 v1.4 Bundle oberdiek, subset generic (HO)
Package: hobsub 2011/04/23 v1.4 Subsetting bundle oberdiek (HO)
Package: infwarerr 2010/04/08 v1.3 Providing info/warning/message (HO)
Package: ltxcmds 2011/04/18 v1.20 LaTeX kernel commands for general use (HO)
Package: ifluatex 2010/03/01 v1.3 Provides the ifluatex switch (HO)
Package ifluatex Info: LuaTeX not detected.
Package hobsub Info: Skipping package `ifvtex' (already loaded).
Package: intcalc 2007/09/27 v1.1 Expandable integer calculations (HO)
Package hobsub Info: Skipping package `ifpdf' (already loaded).
Package: etexcmds 2011/02/16 v1.5 Prefix for e-TeX command names (HO)
Package etexcmds Info: Could not find \expanded.
(etexcmds)             That can mean that you are not using pdfTeX 1.50 or
(etexcmds)             that some package has redefined \expanded.
(etexcmds)             In the latter case, load this package earlier.
Package: kvsetkeys 2011/04/07 v1.13 Key value parser (HO)
Package: kvdefinekeys 2011/04/07 v1.3 Defining keys (HO)
Package: pdftexcmds 2011/04/22 v0.16 Utilities of pdfTeX for LuaTeX (HO)
Package pdftexcmds Info: LuaTeX not detected.
Package pdftexcmds Info: \pdf@primitive is available.
Package pdftexcmds Info: \pdf@ifprimitive is available.
Package pdftexcmds Info: \pdfdraftmode found.
Package: pdfescape 2011/04/04 v1.12 Provides string conversions (HO)
Package: bigintcalc 2011/01/30 v1.2 Expandable big integer calculations (HO)
Package: bitset 2011/01/30 v1.1 Data type bit set (HO)
Package: uniquecounter 2011/01/30 v1.2 Provides unlimited unique counter (HO)
)
Package hobsub Info: Skipping package `hobsub' (already loaded).
Package: letltxmacro 2010/09/02 v1.4 Let assignment for LaTeX macros (HO)
Package: hopatch 2011/01/30 v1.0 Wrapper for package hooks (HO)
Package: xcolor-patch 2011/01/30 xcolor patch
Package: atveryend 2011/04/23 v1.7 Hooks at very end of document (HO)
Package: atbegshi 2011/01/30 v1.15 At begin shipout hook (HO)
Package: refcount 2010/12/01 v3.2 Data extraction from references (HO)
Package: hycolor 2011/01/30 v1.7 Color options of hyperref/bookmark (HO)
)
("C:\Program Files\MiKTeX 2.9\tex\latex\oberdiek\kvoptions.sty"
Package: kvoptions 2010/12/23 v3.10 Keyval support for LaTeX options (HO)
)
\@linkdim=\dimen129
\Hy@linkcounter=\count114
\Hy@pagecounter=\count115

("C:\Program Files\MiKTeX 2.9\tex\latex\hyperref\pd1enc.def"
File: pd1enc.def 2011/12/04 v6.82m Hyperref: PDFDocEncoding definition (HO)
\symPD1letters=\mathgroup9
)
\Hy@SavedSpaceFactor=\count116
Package hyperref Info: Option `unicode' set `true' on input line 3177.

("C:\Program Files\MiKTeX 2.9\tex\latex\hyperref\puenc.def"
File: puenc.def 2011/12/04 v6.82m Hyperref: PDF Unicode definition (HO)
\symPUletters=\mathgroup10
)
("C:\Program Files\MiKTeX 2.9\tex\latex\00miktex\hyperref.cfg"
File: hyperref.cfg 2002/06/06 v1.2 hyperref configuration of TeXLive
)
Package hyperref Info: Option `bookmarks' set `true' on input line 3925.
Package hyperref Info: Option `colorlinks' set `true' on input line 3925.
Package hyperref Info: Option `unicode' set `true' on input line 3925.
Package hyperref Info: Hyper figures OFF on input line 4046.
Package hyperref Info: Link nesting OFF on input line 4051.
Package hyperref Info: Hyper index ON on input line 4054.
Package hyperref Info: Plain pages OFF on input line 4061.
Package hyperref Info: Backreferencing OFF on input line 4066.
Package hyperref Info: Implicit mode ON; LaTeX internals redefined.
Package hyperref Info: Bookmarks ON on input line 4284.
\c@Hy@tempcnt=\count117

("C:\Program Files\MiKTeX 2.9\tex\latex\ltxmisc\url.sty"
\Urlmuskip=\muskip11
Package: url 2006/04/12  ver 3.3  Verb mode for urls, etc.
)
LaTeX Info: Redefining \url on input line 4637.
\Fld@menulength=\count118
\Field@Width=\dimen130
\Fld@charsize=\dimen131
Package hyperref Info: Hyper figures OFF on input line 5757.
Package hyperref Info: Link nesting OFF on input line 5762.
Package hyperref Info: Hyper index ON on input line 5765.
Package hyperref Info: backreferencing OFF on input line 5772.
Package hyperref Info: Link coloring ON on input line 5775.
Package hyperref Info: Link coloring with OCG OFF on input line 5782.
Package hyperref Info: PDF/A mode OFF on input line 5787.
LaTeX Info: Redefining \ref on input line 5827.
LaTeX Info: Redefining \pageref on input line 5831.
\Hy@abspage=\count119
\c@Item=\count120
\c@Hfootnote=\count121
)

Package hyperref Message: Driver (autodetected): hpdftex.

("C:\Program Files\MiKTeX 2.9\tex\latex\hyperref\hpdftex.def"
File: hpdftex.def 2011/12/04 v6.82m Hyperref driver for pdfTeX
\Fld@listcount=\count122
\c@bookmark@seq@number=\count123

("C:\Program Files\MiKTeX 2.9\tex\latex\oberdiek\rerunfilecheck.sty"
Package: rerunfilecheck 2011/04/15 v1.7 Rerun checks for auxiliary files (HO)
Package uniquecounter Info: New unique counter `rerunfilecheck' on input line 2
82.
)
\Hy@SectionHShift=\skip65
)
("C:\Program Files\MiKTeX 2.9\tex\latex\underscore\underscore.sty"
Package: underscore 2006/09/13
LaTeX Info: Redefining \_ on input line 42.
)
("C:\Program Files\MiKTeX 2.9\tex\latex\graphics\graphicx.sty"
Package: graphicx 1999/02/16 v1.0f Enhanced LaTeX Graphics (DPC,SPQR)

("C:\Program Files\MiKTeX 2.9\tex\latex\graphics\graphics.sty"
Package: graphics 2009/02/05 v1.0o Standard LaTeX Graphics (DPC,SPQR)

("C:\Program Files\MiKTeX 2.9\tex\latex\graphics\trig.sty"
Package: trig 1999/03/16 v1.09 sin cos tan (DPC)
)
("C:\Program Files\MiKTeX 2.9\tex\latex\00miktex\graphics.cfg"
File: graphics.cfg 2007/01/18 v1.5 graphics configuration of teTeX/TeXLive
)
Package graphics Info: Driver file: pdftex.def on input line 91.

("C:\Program Files\MiKTeX 2.9\tex\latex\pdftex-def\pdftex.def"
File: pdftex.def 2011/05/27 v0.06d Graphics/color for pdfTeX
\Gread@gobject=\count124
))
\Gin@req@height=\dimen132
\Gin@req@width=\dimen133
)
("C:\Program Files\MiKTeX 2.9\tex\latex\pgf\frontendlayer\tikz.sty"
("C:\Program Files\MiKTeX 2.9\tex\latex\pgf\basiclayer\pgf.sty"
("C:\Program Files\MiKTeX 2.9\tex\latex\pgf\utilities\pgfrcs.sty"
("C:\Program Files\MiKTeX 2.9\tex\generic\pgf\utilities\pgfutil-common.tex"
\pgfutil@everybye=\toks29
)
("C:\Program Files\MiKTeX 2.9\tex\generic\pgf\utilities\pgfutil-latex.def"
\pgfutil@abb=\box32

("C:\Program Files\MiKTeX 2.9\tex\latex\ms\everyshi.sty"
Package: everyshi 2001/05/15 v3.00 EveryShipout Package (MS)
))
("C:\Program Files\MiKTeX 2.9\tex\generic\pgf\utilities\pgfrcs.code.tex"
Package: pgfrcs 2010/10/25 v2.10 (rcs-revision 1.24)
))
Package: pgf 2008/01/15 v2.10 (rcs-revision 1.12)

("C:\Program Files\MiKTeX 2.9\tex\latex\pgf\basiclayer\pgfcore.sty"
("C:\Program Files\MiKTeX 2.9\tex\latex\pgf\systemlayer\pgfsys.sty"
("C:\Program Files\MiKTeX 2.9\tex\generic\pgf\systemlayer\pgfsys.code.tex"
Package: pgfsys 2010/06/30 v2.10 (rcs-revision 1.37)

("C:\Program Files\MiKTeX 2.9\tex\generic\pgf\utilities\pgfkeys.code.tex"
\pgfkeys@pathtoks=\toks30
\pgfkeys@temptoks=\toks31

("C:\Program Files\MiKTeX 2.9\tex\generic\pgf\utilities\pgfkeysfiltered.code.te
x"
\pgfkeys@tmptoks=\toks32
))
\pgf@x=\dimen134
\pgf@y=\dimen135
\pgf@xa=\dimen136
\pgf@ya=\dimen137
\pgf@xb=\dimen138
\pgf@yb=\dimen139
\pgf@xc=\dimen140
\pgf@yc=\dimen141
\w@pgf@writea=\write3
\r@pgf@reada=\read1
\c@pgf@counta=\count125
\c@pgf@countb=\count126
\c@pgf@countc=\count127
\c@pgf@countd=\count128
 ("C:\Program Files\MiKTeX 2.9\tex\generic\pgf\systemlayer\pgf.cfg"
File: pgf.cfg 2008/05/14  (rcs-revision 1.7)
)
Package pgfsys Info: Driver file for pgf: pgfsys-pdftex.def on input line 900.

("C:\Program Files\MiKTeX 2.9\tex\generic\pgf\systemlayer\pgfsys-pdftex.def"
File: pgfsys-pdftex.def 2009/05/22  (rcs-revision 1.26)

("C:\Program Files\MiKTeX 2.9\tex\generic\pgf\systemlayer\pgfsys-common-pdf.def
"
File: pgfsys-common-pdf.def 2008/05/19  (rcs-revision 1.10)
)))
("C:\Program Files\MiKTeX 2.9\tex\generic\pgf\systemlayer\pgfsyssoftpath.code.t
ex"
File: pgfsyssoftpath.code.tex 2008/07/18  (rcs-revision 1.7)
\pgfsyssoftpath@smallbuffer@items=\count129
\pgfsyssoftpath@bigbuffer@items=\count130
)
("C:\Program Files\MiKTeX 2.9\tex\generic\pgf\systemlayer\pgfsysprotocol.code.t
ex"
File: pgfsysprotocol.code.tex 2006/10/16  (rcs-revision 1.4)
)) ("C:\Program Files\MiKTeX 2.9\tex\latex\xcolor\xcolor.sty"
Package: xcolor 2007/01/21 v2.11 LaTeX color extensions (UK)

("C:\Program Files\MiKTeX 2.9\tex\latex\00miktex\color.cfg"
File: color.cfg 2007/01/18 v1.5 color configuration of teTeX/TeXLive
)
Package xcolor Info: Driver file: pdftex.def on input line 225.
Package xcolor Info: Model `cmy' substituted by `cmy0' on input line 1337.
Package xcolor Info: Model `hsb' substituted by `rgb' on input line 1341.
Package xcolor Info: Model `RGB' extended on input line 1353.
Package xcolor Info: Model `HTML' substituted by `rgb' on input line 1355.
Package xcolor Info: Model `Hsb' substituted by `hsb' on input line 1356.
Package xcolor Info: Model `tHsb' substituted by `hsb' on input line 1357.
Package xcolor Info: Model `HSB' substituted by `hsb' on input line 1358.
Package xcolor Info: Model `Gray' substituted by `gray' on input line 1359.
Package xcolor Info: Model `wave' substituted by `hsb' on input line 1360.
)
("C:\Program Files\MiKTeX 2.9\tex\generic\pgf\basiclayer\pgfcore.code.tex"
Package: pgfcore 2010/04/11 v2.10 (rcs-revision 1.7)

("C:\Program Files\MiKTeX 2.9\tex\generic\pgf\math\pgfmath.code.tex"
("C:\Program Files\MiKTeX 2.9\tex\generic\pgf\math\pgfmathcalc.code.tex"
("C:\Program Files\MiKTeX 2.9\tex\generic\pgf\math\pgfmathutil.code.tex")
("C:\Program Files\MiKTeX 2.9\tex\generic\pgf\math\pgfmathparser.code.tex"
\pgfmath@dimen=\dimen142
\pgfmath@count=\count131
\pgfmath@box=\box33
\pgfmath@toks=\toks33
\pgfmath@stack@operand=\toks34
\pgfmath@stack@operation=\toks35
)
("C:\Program Files\MiKTeX 2.9\tex\generic\pgf\math\pgfmathfunctions.code.tex"
("C:\Program Files\MiKTeX 2.9\tex\generic\pgf\math\pgfmathfunctions.basic.code.
tex")
("C:\Program Files\MiKTeX 2.9\tex\generic\pgf\math\pgfmathfunctions.trigonometr
ic.code.tex")
("C:\Program Files\MiKTeX 2.9\tex\generic\pgf\math\pgfmathfunctions.random.code
.tex")
("C:\Program Files\MiKTeX 2.9\tex\generic\pgf\math\pgfmathfunctions.comparison.
code.tex")
("C:\Program Files\MiKTeX 2.9\tex\generic\pgf\math\pgfmathfunctions.base.code.t
ex")
("C:\Program Files\MiKTeX 2.9\tex\generic\pgf\math\pgfmathfunctions.round.code.
tex")
("C:\Program Files\MiKTeX 2.9\tex\generic\pgf\math\pgfmathfunctions.misc.code.t
ex"))) ("C:\Program Files\MiKTeX 2.9\tex\generic\pgf\math\pgfmathfloat.code.tex
"
\c@pgfmathroundto@lastzeros=\count132
))
("C:\Program Files\MiKTeX 2.9\tex\generic\pgf\basiclayer\pgfcorepoints.code.tex
"
File: pgfcorepoints.code.tex 2010/04/09  (rcs-revision 1.20)
\pgf@picminx=\dimen143
\pgf@picmaxx=\dimen144
\pgf@picminy=\dimen145
\pgf@picmaxy=\dimen146
\pgf@pathminx=\dimen147
\pgf@pathmaxx=\dimen148
\pgf@pathminy=\dimen149
\pgf@pathmaxy=\dimen150
\pgf@xx=\dimen151
\pgf@xy=\dimen152
\pgf@yx=\dimen153
\pgf@yy=\dimen154
\pgf@zx=\dimen155
\pgf@zy=\dimen156
)
("C:\Program Files\MiKTeX 2.9\tex\generic\pgf\basiclayer\pgfcorepathconstruct.c
ode.tex"
File: pgfcorepathconstruct.code.tex 2010/08/03  (rcs-revision 1.24)
\pgf@path@lastx=\dimen157
\pgf@path@lasty=\dimen158
)
("C:\Program Files\MiKTeX 2.9\tex\generic\pgf\basiclayer\pgfcorepathusage.code.
tex"
File: pgfcorepathusage.code.tex 2008/04/22  (rcs-revision 1.12)
\pgf@shorten@end@additional=\dimen159
\pgf@shorten@start@additional=\dimen160
)
("C:\Program Files\MiKTeX 2.9\tex\generic\pgf\basiclayer\pgfcorescopes.code.tex
"
File: pgfcorescopes.code.tex 2010/09/08  (rcs-revision 1.34)
\pgfpic=\box34
\pgf@hbox=\box35
\pgf@layerbox@main=\box36
\pgf@picture@serial@count=\count133
)
("C:\Program Files\MiKTeX 2.9\tex\generic\pgf\basiclayer\pgfcoregraphicstate.co
de.tex"
File: pgfcoregraphicstate.code.tex 2008/04/22  (rcs-revision 1.9)
\pgflinewidth=\dimen161
)
("C:\Program Files\MiKTeX 2.9\tex\generic\pgf\basiclayer\pgfcoretransformations
.code.tex"
File: pgfcoretransformations.code.tex 2009/06/10  (rcs-revision 1.11)
\pgf@pt@x=\dimen162
\pgf@pt@y=\dimen163
\pgf@pt@temp=\dimen164
)
("C:\Program Files\MiKTeX 2.9\tex\generic\pgf\basiclayer\pgfcorequick.code.tex"
File: pgfcorequick.code.tex 2008/10/09  (rcs-revision 1.3)
)
("C:\Program Files\MiKTeX 2.9\tex\generic\pgf\basiclayer\pgfcoreobjects.code.te
x"
File: pgfcoreobjects.code.tex 2006/10/11  (rcs-revision 1.2)
)
("C:\Program Files\MiKTeX 2.9\tex\generic\pgf\basiclayer\pgfcorepathprocessing.
code.tex"
File: pgfcorepathprocessing.code.tex 2008/10/09  (rcs-revision 1.8)
)
("C:\Program Files\MiKTeX 2.9\tex\generic\pgf\basiclayer\pgfcorearrows.code.tex
"
File: pgfcorearrows.code.tex 2008/04/23  (rcs-revision 1.11)
)
("C:\Program Files\MiKTeX 2.9\tex\generic\pgf\basiclayer\pgfcoreshade.code.tex"
File: pgfcoreshade.code.tex 2008/11/23  (rcs-revision 1.13)
\pgf@max=\dimen165
\pgf@sys@shading@range@num=\count134
) ("C:\Program Files\MiKTeX 2.9\tex\generic\pgf\basiclayer\pgfcoreimage.code.te
x"
File: pgfcoreimage.code.tex 2010/03/25  (rcs-revision 1.16)

("C:\Program Files\MiKTeX 2.9\tex\generic\pgf\basiclayer\pgfcoreexternal.code.t
ex"
File: pgfcoreexternal.code.tex 2010/09/01  (rcs-revision 1.17)
\pgfexternal@startupbox=\box37
))
("C:\Program Files\MiKTeX 2.9\tex\generic\pgf\basiclayer\pgfcorelayers.code.tex
"
File: pgfcorelayers.code.tex 2010/08/27  (rcs-revision 1.2)
)
("C:\Program Files\MiKTeX 2.9\tex\generic\pgf\basiclayer\pgfcoretransparency.co
de.tex"
File: pgfcoretransparency.code.tex 2008/01/17  (rcs-revision 1.2)
)
("C:\Program Files\MiKTeX 2.9\tex\generic\pgf\basiclayer\pgfcorepatterns.code.t
ex"
File: pgfcorepatterns.code.tex 2009/07/02  (rcs-revision 1.3)
)))
("C:\Program Files\MiKTeX 2.9\tex\generic\pgf\modules\pgfmoduleshapes.code.tex"
File: pgfmoduleshapes.code.tex 2010/09/09  (rcs-revision 1.13)
\pgfnodeparttextbox=\box38
) ("C:\Program Files\MiKTeX 2.9\tex\generic\pgf\modules\pgfmoduleplot.code.tex"
File: pgfmoduleplot.code.tex 2010/10/22  (rcs-revision 1.8)
)
("C:\Program Files\MiKTeX 2.9\tex\latex\pgf\compatibility\pgfcomp-version-0-65.
sty"
Package: pgfcomp-version-0-65 2007/07/03 v2.10 (rcs-revision 1.7)
\pgf@nodesepstart=\dimen166
\pgf@nodesepend=\dimen167
)
("C:\Program Files\MiKTeX 2.9\tex\latex\pgf\compatibility\pgfcomp-version-1-18.
sty"
Package: pgfcomp-version-1-18 2007/07/23 v2.10 (rcs-revision 1.1)
)) ("C:\Program Files\MiKTeX 2.9\tex\latex\pgf\utilities\pgffor.sty"
("C:\Program Files\MiKTeX 2.9\tex\latex\pgf\utilities\pgfkeys.sty"
("C:\Program Files\MiKTeX 2.9\tex\generic\pgf\utilities\pgfkeys.code.tex"))
("C:\Program Files\MiKTeX 2.9\tex\generic\pgf\utilities\pgffor.code.tex"
Package: pgffor 2010/03/23 v2.10 (rcs-revision 1.18)
\pgffor@iter=\dimen168
\pgffor@skip=\dimen169
\pgffor@stack=\toks36
\pgffor@toks=\toks37
))
("C:\Program Files\MiKTeX 2.9\tex\generic\pgf\frontendlayer\tikz\tikz.code.tex"
Package: tikz 2010/10/13 v2.10 (rcs-revision 1.76)

("C:\Program Files\MiKTeX 2.9\tex\generic\pgf\libraries\pgflibraryplothandlers.
code.tex"
File: pgflibraryplothandlers.code.tex 2010/05/31 v2.10 (rcs-revision 1.15)
\pgf@plot@mark@count=\count135
\pgfplotmarksize=\dimen170
)
\tikz@lastx=\dimen171
\tikz@lasty=\dimen172
\tikz@lastxsaved=\dimen173
\tikz@lastysaved=\dimen174
\tikzleveldistance=\dimen175
\tikzsiblingdistance=\dimen176
\tikz@figbox=\box39
\tikz@tempbox=\box40
\tikztreelevel=\count136
\tikznumberofchildren=\count137
\tikznumberofcurrentchild=\count138
\tikz@fig@count=\count139

("C:\Program Files\MiKTeX 2.9\tex\generic\pgf\modules\pgfmodulematrix.code.tex"
File: pgfmodulematrix.code.tex 2010/08/24  (rcs-revision 1.4)
\pgfmatrixcurrentrow=\count140
\pgfmatrixcurrentcolumn=\count141
\pgf@matrix@numberofcolumns=\count142
)
\tikz@expandcount=\count143

("C:\Program Files\MiKTeX 2.9\tex\generic\pgf\frontendlayer\tikz\libraries\tikz
librarytopaths.code.tex"
File: tikzlibrarytopaths.code.tex 2008/06/17 v2.10 (rcs-revision 1.2)
)))
("C:\Program Files\MiKTeX 2.9\tex\generic\pgf\frontendlayer\tikz\libraries\tikz
libraryarrows.code.tex"
File: tikzlibraryarrows.code.tex 2008/01/09 v2.10 (rcs-revision 1.1)

("C:\Program Files\MiKTeX 2.9\tex\generic\pgf\libraries\pgflibraryarrows.code.t
ex"
File: pgflibraryarrows.code.tex 2008/10/27 v2.10 (rcs-revision 1.9)
\arrowsize=\dimen177
))
("C:\Program Files\MiKTeX 2.9\tex\generic\pgf\frontendlayer\tikz\libraries\tikz
librarypositioning.code.tex"
File: tikzlibrarypositioning.code.tex 2008/10/06 v2.10 (rcs-revision 1.7)
)
("C:\Program Files\MiKTeX 2.9\tex\generic\pgf\frontendlayer\tikz\libraries\tikz
libraryshadows.code.tex"
File: tikzlibraryshadows.code.tex 2008/01/13 v2.10 (rcs-revision 1.3)

("C:\Program Files\MiKTeX 2.9\tex\generic\pgf\frontendlayer\tikz\libraries\tikz
libraryfadings.code.tex"
File: tikzlibraryfadings.code.tex 2009/11/15 v2.10 (rcs-revision 1.2)

("C:\Program Files\MiKTeX 2.9\tex\generic\pgf\libraries\pgflibraryfadings.code.
tex"
File: pgflibraryfadings.code.tex 2008/02/07 v2.10 (rcs-revision 1.3)
))) (C:\Users\Lil\10\rpz\rpz\tikz-er2.sty
Package: tikz-er2 2009/01/31 Entity-relationship diagrams using the Tikz librar
y

("C:\Program Files\MiKTeX 2.9\tex\latex\ulem\ulem.sty"
\UL@box=\box41
\UL@hyphenbox=\box42
\UL@skip=\skip66
\UL@hook=\toks38
\UL@height=\dimen178
\UL@pe=\count144
\UL@pixel=\dimen179
\ULC@box=\box43
Package: ulem 2012/05/18
\ULdepth=\dimen180
)
("C:\Program Files\MiKTeX 2.9\tex\generic\pgf\frontendlayer\tikz\libraries\tikz
libraryshapes.geometric.code.tex"
File: tikzlibraryshapes.geometric.code.tex 2008/01/09 v2.10 (rcs-revision 1.1)

("C:\Program Files\MiKTeX 2.9\tex\generic\pgf\libraries\shapes\pgflibraryshapes
.geometric.code.tex"
File: pgflibraryshapes.geometric.code.tex 2008/06/26 v2.10 (rcs-revision 1.1)
))
("C:\Program Files\MiKTeX 2.9\tex\generic\pgf\frontendlayer\tikz\libraries\tikz
libraryfit.code.tex"
File: tikzlibraryfit.code.tex 2008/06/21 v2.10 (rcs-revision 1.3)
)) (C:\Users\Lil\10\rpz\rpz\pgf-umlsd.sty
Package: pgf-umlsd 2008/03/20 v0.2 Some LaTeX macros for UML Sequence Diagrams.

\pgf@layerbox@background=\box44
\pgf@layerboxsaved@background=\box45
\pgf@layerbox@threadground=\box46
\pgf@layerboxsaved@threadground=\box47
\c@preinst=\count145
\c@instnum=\count146
\c@threadnum=\count147
\c@seqlevel=\count148
\c@callevel=\count149
\c@looplevel=\count150
)
("C:\Program Files\MiKTeX 2.9\tex\latex\listings\listings.sty"
\lst@mode=\count151
\lst@gtempboxa=\box48
\lst@token=\toks39
\lst@length=\count152
\lst@currlwidth=\dimen181
\lst@column=\count153
\lst@pos=\count154
\lst@lostspace=\dimen182
\lst@width=\dimen183
\lst@newlines=\count155
\lst@lineno=\count156
\lst@maxwidth=\dimen184

("C:\Program Files\MiKTeX 2.9\tex\latex\listings\lstmisc.sty"
File: lstmisc.sty 2007/02/22 1.4 (Carsten Heinz)
\c@lstnumber=\count157
\lst@skipnumbers=\count158
\lst@framebox=\box49
)
("C:\Program Files\MiKTeX 2.9\tex\latex\listings\listings.cfg"
File: listings.cfg 2007/02/22 1.4 listings configuration
))
Package: listings 2007/02/22 1.4 (Carsten Heinz)

("C:\Program Files\MiKTeX 2.9\tex\latex\tools\enumerate.sty"
Package: enumerate 1999/03/05 v3.00 enumerate extensions (DPC)
\@enLab=\toks40
)
("C:\Program Files\MiKTeX 2.9\tex\latex\needspace\needspace.sty"
Package: needspace 2010/09/12 v1.3c reserve vertical space
))
(C:\Users\Lil\10\rpz\rpz\rpz.aux (C:\Users\Lil\10\rpz\rpz\00-abstract.aux)
(C:\Users\Lil\10\rpz\rpz\11-abbrev.aux) (C:\Users\Lil\10\rpz\rpz\12-intro.aux)
(C:\Users\Lil\10\rpz\rpz\20-analysis.aux)
(C:\Users\Lil\10\rpz\rpz\30-design.aux) (C:\Users\Lil\10\rpz\rpz\40-impl.aux)
(C:\Users\Lil\10\rpz\rpz\80-conclusion.aux)
(C:\Users\Lil\10\rpz\rpz\81-biblio.aux))
LaTeX Font Info:    Checking defaults for OML/cmm/m/it on input line 9.
LaTeX Font Info:    ... okay on input line 9.
LaTeX Font Info:    Checking defaults for T1/cmr/m/n on input line 9.
LaTeX Font Info:    ... okay on input line 9.
LaTeX Font Info:    Checking defaults for OT1/cmr/m/n on input line 9.
LaTeX Font Info:    ... okay on input line 9.
LaTeX Font Info:    Checking defaults for OMS/cmsy/m/n on input line 9.
LaTeX Font Info:    ... okay on input line 9.
LaTeX Font Info:    Checking defaults for OMX/cmex/m/n on input line 9.
LaTeX Font Info:    ... okay on input line 9.
LaTeX Font Info:    Checking defaults for U/cmr/m/n on input line 9.
LaTeX Font Info:    ... okay on input line 9.
LaTeX Font Info:    Checking defaults for T2A/cmr/m/n on input line 9.
LaTeX Font Info:    ... okay on input line 9.
LaTeX Font Info:    Checking defaults for PD1/pdf/m/n on input line 9.
LaTeX Font Info:    ... okay on input line 9.
LaTeX Font Info:    Checking defaults for PU/pdf/m/n on input line 9.
LaTeX Font Info:    ... okay on input line 9.

("C:\Program Files\MiKTeX 2.9\tex\latex\unicode\ucsencs.def"
File: ucsencs.def 2003/11/29 Fixes to fontencodings LGR, T3
)
Package caption Info: Begin \AtBeginDocument code.
Package caption Info: hyperref package is loaded.
Package caption Info: listings package is loaded.
Package caption Info: longtable package is loaded.

("C:\Program Files\MiKTeX 2.9\tex\latex\caption\ltcaption.sty"
Package: ltcaption 2011/09/12 v1.3 longtable captions (AR)
)
Package caption Info: End \AtBeginDocument code.

*geometry* driver: auto-detecting
*geometry* detected driver: pdftex
*geometry* verbose mode - [ preamble ] result:
* driver: pdftex
* paper: <default>
* layout: <same size as paper>
* layoutoffset:(h,v)=(0.0pt,0.0pt)
* modes: 
* h-part:(L,W,R)=(85.35826pt, 455.24411pt, 56.9055pt)
* v-part:(T,H,B)=(56.9055pt, 731.23584pt, 56.9055pt)
* \paperwidth=597.50787pt
* \paperheight=845.04684pt
* \textwidth=455.24411pt
* \textheight=731.23584pt
* \oddsidemargin=13.08827pt
* \evensidemargin=13.08827pt
* \topmargin=-27.36449pt
* \headheight=12.0pt
* \headsep=0.0pt
* \topskip=12.0pt
* \footskip=30.0pt
* \marginparwidth=35.0pt
* \marginparsep=10.0pt
* \columnsep=10.0pt
* \skip\footins=10.8pt plus 4.0pt minus 2.0pt
* \hoffset=0.0pt
* \voffset=0.0pt
* \mag=1000
* \@twocolumnfalse
* \@twosidefalse
* \@mparswitchfalse
* \@reversemarginfalse
* (1in=72.27pt=25.4mm, 1cm=28.453pt)

\AtBeginShipoutBox=\box50
Package hyperref Info: Link coloring ON on input line 9.
("C:\Program Files\MiKTeX 2.9\tex\latex\hyperref\nameref.sty"
Package: nameref 2010/04/30 v2.40 Cross-referencing by name of section

("C:\Program Files\MiKTeX 2.9\tex\generic\oberdiek\gettitlestring.sty"
Package: gettitlestring 2010/12/03 v1.4 Cleanup title references (HO)
)
\c@section@level=\count159
)
LaTeX Info: Redefining \ref on input line 9.
LaTeX Info: Redefining \pageref on input line 9.
LaTeX Info: Redefining \nameref on input line 9.

(C:\Users\Lil\10\rpz\rpz\rpz.out) (C:\Users\Lil\10\rpz\rpz\rpz.out)
\@outlinefile=\write4

("C:\Program Files\MiKTeX 2.9\tex\context\base\supp-pdf.mkii"
[Loading MPS to PDF converter (version 2006.09.02).]
\scratchcounter=\count160
\scratchdimen=\dimen185
\scratchbox=\box51
\nofMPsegments=\count161
\nofMParguments=\count162
\everyMPshowfont=\toks41
\MPscratchCnt=\count163
\MPscratchDim=\dimen186
\MPnumerator=\count164
\makeMPintoPDFobject=\count165
\everyMPtoPDFconversion=\toks42
) ABD: EveryShipout initializing macros
\c@lstlisting=\count166

(C:\Users\Lil\10\rpz\rpz\00-abstract.tex
("C:\Program Files\MiKTeX 2.9\tex\latex\unicode\data\uni-4.def"
File: uni-4.def 2004/10/17 UCS: Unicode data U+0400..U+04FF
)) [1





{C:/ProgramData/MiKTeX/2.9/pdftex/config/pdftex.map}] (C:\Users\Lil\10\rpz\rpz\
rpz.toc<<ot1.cmap>><<oml.cmap>><<oms.cmap>><<omx.cmap>>
LaTeX Font Info:    Try loading font information for U+msa on input line 2.

("C:\Program Files\MiKTeX 2.9\tex\latex\amsfonts\umsa.fd"
File: umsa.fd 2009/06/22 v3.00 AMS symbols A
)
LaTeX Font Info:    Try loading font information for U+msb on input line 2.

("C:\Program Files\MiKTeX 2.9\tex\latex\amsfonts\umsb.fd"
File: umsb.fd 2009/06/22 v3.00 AMS symbols B
)
LaTeX Font Info:    Try loading font information for OML+cmr on input line 2.

("C:\Program Files\MiKTeX 2.9\tex\latex\base\omlcmr.fd"
File: omlcmr.fd 1999/05/25 v2.5h Standard LaTeX font definitions
)
LaTeX Font Info:    Font shape `OML/cmr/m/n' in size <12> not available
(Font)              Font shape `OML/cmm/m/it' tried instead on input line 2.
LaTeX Font Info:    Font shape `OML/cmr/m/n' in size <8> not available
(Font)              Font shape `OML/cmm/m/it' tried instead on input line 2.
LaTeX Font Info:    Font shape `OML/cmr/m/n' in size <6> not available
(Font)              Font shape `OML/cmm/m/it' tried instead on input line 2.
LaTeX Font Info:    Try loading font information for OMS+cmr on input line 2.

("C:\Program Files\MiKTeX 2.9\tex\latex\base\omscmr.fd"
File: omscmr.fd 1999/05/25 v2.5h Standard LaTeX font definitions
)
LaTeX Font Info:    Font shape `OMS/cmr/m/n' in size <12> not available
(Font)              Font shape `OMS/cmsy/m/n' tried instead on input line 2.
LaTeX Font Info:    Font shape `OMS/cmr/m/n' in size <8> not available
(Font)              Font shape `OMS/cmsy/m/n' tried instead on input line 2.
LaTeX Font Info:    Font shape `OMS/cmr/m/n' in size <6> not available
(Font)              Font shape `OMS/cmsy/m/n' tried instead on input line 2.
LaTeX Font Info:    Try loading font information for PD1+cmr on input line 2.
LaTeX Font Info:    No file PD1cmr.fd. on input line 2.


LaTeX Font Warning: Font shape `PD1/cmr/m/n' undefined
(Font)              using `PD1/pdf/m/n' instead on input line 2.

LaTeX Font Info:    Try loading font information for PU+cmr on input line 2.
LaTeX Font Info:    No file PUcmr.fd. on input line 2.

LaTeX Font Warning: Font shape `PU/cmr/m/n' undefined
(Font)              using `PU/pdf/m/n' instead on input line 2.

[2


])
\tf@toc=\write5
 [3] (C:\Users\Lil\10\rpz\rpz\11-abbrev.tex
("C:\Program Files\MiKTeX 2.9\tex\latex\unicode\data\uni-32.def"
File: uni-32.def 2004/10/17 UCS: Unicode data U+2000..U+20FF
)
("C:\Program Files\MiKTeX 2.9\tex\latex\unicode\data\uni-0.def"
File: uni-0.def 2004/10/17 UCS: Unicode data U+0000..U+00FF
)) [4


]
(C:\Users\Lil\10\rpz\rpz\12-intro.tex [5



]) [6]
(C:\Users\Lil\10\rpz\rpz\20-analysis.tex
<include/idef0.pdf, id=301, 598.48593pt x 846.16125pt>
File: include/idef0.pdf Graphic file (type pdf)
 <use include/idef0.pdf>
Package pdftex.def Info: include/idef0.pdf used on input line 16.
(pdftex.def)             Requested size: 455.24411pt x 643.65735pt.

[7



]

Package hyperref Warning: Difference (2) between bookmark levels is greater 
(hyperref)                than one, level fixed on input line 37.

[8] [9] [10] [11]) [12] [13 <C:/Users/Lil/10/rpz/rpz/include/idef0.pdf>]
(C:\Users\Lil\10\rpz\rpz\30-design.tex
<include/UML.pdf, id=438, 846.16125pt x 598.48593pt>
File: include/UML.pdf Graphic file (type pdf)
 <use include/UML.pdf>
Package pdftex.def Info: include/UML.pdf used on input line 17.
(pdftex.def)             Requested size: 455.24411pt x 321.9904pt.

[14



 <C:/Users/Lil/10/rpz/rpz/include/UML.pdf>]
<include/data-model-cvcol.pdf, id=486, 846.16125pt x 598.48593pt>
File: include/data-model-cvcol.pdf Graphic file (type pdf)

<use include/data-model-cvcol.pdf>
Package pdftex.def Info: include/data-model-cvcol.pdf used on input line 37.
(pdftex.def)             Requested size: 455.24411pt x 321.9904pt.
 [15 <C:/Users/Lil/10/rpz/rpz/include/data-model-cvcol.pdf>]
Underfull \hbox (badness 1490) in paragraph at lines 66--67
[]\T2A/cmr/m/n/12 Данные системы компании-нанимателя содержат следу
ющие сущности,
 []

<include/data-model-emp.pdf, id=561, 845.1575pt x 597.23125pt>
File: include/data-model-emp.pdf Graphic file (type pdf)

<use include/data-model-emp.pdf>
Package pdftex.def Info: include/data-model-emp.pdf used on input line 70.
(pdftex.def)             Requested size: 455.24411pt x 321.70723pt.


LaTeX Warning: `!h' float specifier changed to `!ht'.

[16] <include/activity-diag2.pdf, id=588, 1159.33125pt x 846.16125pt>
File: include/activity-diag2.pdf Graphic file (type pdf)

<use include/activity-diag2.pdf>
Package pdftex.def Info: include/activity-diag2.pdf used on input line 108.
(pdftex.def)             Requested size: 500.77129pt x 365.4949pt.

Overfull \hbox (45.52718pt too wide) in paragraph at lines 108--109
 [][] 
 []

[17 <C:/Users/Lil/10/rpz/rpz/include/data-model-emp.pdf, page is rotated 90 deg
rees>] [18 <C:/Users/Lil/10/rpz/rpz/include/activity-diag2.pdf>] [19]
Underfull \hbox (badness 2111) in paragraph at lines 163--163
[]|\T2A/cmr/m/n/12 Система- полу
 []


Overfull \hbox (31.5472pt too wide) in alignment at lines 160--164
[] [] [] [] [] 
 []


Underfull \hbox (badness 2111) in paragraph at lines 167--167
[]|\T2A/cmr/m/n/12 Система- полу
 []


Overfull \hbox (31.5472pt too wide) in alignment at lines 164--168
[] [] [] [] [] 
 []


Overfull \hbox (31.5472pt too wide) in alignment at lines 168--171
[] [] [] [] [] 
 []


Overfull \hbox (31.5472pt too wide) in alignment at lines 171--172
[] [] [] [] [] 
 []


Underfull \hbox (badness 10000) in paragraph at lines 173--173
[]|\T2A/cmr/m/n/12 Запрос
 []


Underfull \hbox (badness 10000) in paragraph at lines 173--173
\T2A/cmr/m/n/12 (син
 []


Underfull \hbox (badness 10000) in paragraph at lines 173--173
[]|\T2A/cmr/m/n/12 Регистрация
 []


Underfull \hbox (badness 10000) in paragraph at lines 173--173
[]|\T2A/cmr/m/n/12 Веб-интерфейс
 []


Underfull \hbox (badness 10000) in paragraph at lines 173--173
\T2A/cmr/m/n/12 кадрового
 []


Underfull \hbox (badness 10000) in paragraph at lines 175--175
[]|\T2A/cmr/m/n/12 Регистрация
 []


Underfull \hbox (badness 10000) in paragraph at lines 175--175
[]|\T2A/cmr/m/n/12 Веб-интерфейс
 []


Underfull \hbox (badness 10000) in paragraph at lines 175--175
\T2A/cmr/m/n/12 кадрового
 []


Underfull \hbox (badness 1237) in paragraph at lines 175--176
[]|\T2A/cmr/m/n/12 Результат регистрации
 []


Underfull \hbox (badness 10000) in paragraph at lines 177--177
[]|\T2A/cmr/m/n/12 Запрос
 []


Underfull \hbox (badness 10000) in paragraph at lines 177--177
\T2A/cmr/m/n/12 (син
 []


Overfull \hbox (6.81992pt too wide) in paragraph at lines 177--177
[]|\T2A/cmr/m/n/12 Аутентификация
 []


Underfull \hbox (badness 10000) in paragraph at lines 177--177
[]|\T2A/cmr/m/n/12 Веб-интерфейс
 []


Underfull \hbox (badness 10000) in paragraph at lines 177--177
\T2A/cmr/m/n/12 кадрового
 []


Overfull \hbox (6.81992pt too wide) in paragraph at lines 179--179
[]|\T2A/cmr/m/n/12 Аутентификация
 []


Underfull \hbox (badness 10000) in paragraph at lines 179--179
[]|\T2A/cmr/m/n/12 Веб-интерфейс
 []


Underfull \hbox (badness 10000) in paragraph at lines 179--179
\T2A/cmr/m/n/12 кадрового
 []


Underfull \hbox (badness 10000) in paragraph at lines 181--181
[]|\T2A/cmr/m/n/12 Запрос
 []


Underfull \hbox (badness 10000) in paragraph at lines 181--181
\T2A/cmr/m/n/12 (син
 []


Underfull \hbox (badness 6063) in paragraph at lines 181--181
[]|\T2A/cmr/m/n/12 Запрос инфор
 []


Underfull \hbox (badness 10000) in paragraph at lines 181--181
[]|\T2A/cmr/m/n/12 Веб-интерфейс
 []


Underfull \hbox (badness 10000) in paragraph at lines 181--181
\T2A/cmr/m/n/12 кадрового
 []


Underfull \hbox (badness 6063) in paragraph at lines 183--183
[]|\T2A/cmr/m/n/12 Запрос инфор
 []


Underfull \hbox (badness 10000) in paragraph at lines 183--183
[]|\T2A/cmr/m/n/12 Веб-интерфейс
 []


Underfull \hbox (badness 10000) in paragraph at lines 183--183
\T2A/cmr/m/n/12 кадрового
 []


Underfull \hbox (badness 2903) in paragraph at lines 183--184
[]|\T2A/cmr/m/n/12 Информация об обра
 []


Underfull \hbox (badness 10000) in paragraph at lines 185--185
[]|\T2A/cmr/m/n/12 Запрос
 []


Underfull \hbox (badness 10000) in paragraph at lines 185--185
\T2A/cmr/m/n/12 (син
 []


Underfull \hbox (badness 10000) in paragraph at lines 185--185
[]|\T2A/cmr/m/n/12 Веб-интерфейс
 []


Underfull \hbox (badness 10000) in paragraph at lines 185--185
\T2A/cmr/m/n/12 кадрового
 []


Underfull \hbox (badness 10000) in paragraph at lines 187--187
[]|\T2A/cmr/m/n/12 Веб-интерфейс
 []


Underfull \hbox (badness 10000) in paragraph at lines 187--187
\T2A/cmr/m/n/12 кадрового
 []


Underfull \hbox (badness 10000) in paragraph at lines 189--189
[]|\T2A/cmr/m/n/12 Запрос
 []


Underfull \hbox (badness 10000) in paragraph at lines 189--189
\T2A/cmr/m/n/12 (син
 []


Underfull \hbox (badness 10000) in paragraph at lines 189--189
[]|\T2A/cmr/m/n/12 Список ва
 []


Underfull \hbox (badness 10000) in paragraph at lines 189--189
\T2A/cmr/m/n/12 кансий для
 []


Underfull \hbox (badness 10000) in paragraph at lines 189--189
[]|\T2A/cmr/m/n/12 Веб-интерфейс
 []


Underfull \hbox (badness 10000) in paragraph at lines 189--189
\T2A/cmr/m/n/12 кадрового
 []


Underfull \hbox (badness 10000) in paragraph at lines 191--191
[]|\T2A/cmr/m/n/12 Список ва
 []


Underfull \hbox (badness 10000) in paragraph at lines 191--191
\T2A/cmr/m/n/12 кансий для
 []


Underfull \hbox (badness 10000) in paragraph at lines 191--191
[]|\T2A/cmr/m/n/12 Веб-интерфейс
 []


Underfull \hbox (badness 10000) in paragraph at lines 191--191
\T2A/cmr/m/n/12 кадрового
 []


Underfull \hbox (badness 3668) in paragraph at lines 191--192
[]|\T2A/cmr/m/n/12 Список вакансий для
 []


Underfull \hbox (badness 10000) in paragraph at lines 193--193
[]|\T2A/cmr/m/n/12 Запрос
 []


Underfull \hbox (badness 10000) in paragraph at lines 193--193
\T2A/cmr/m/n/12 (син
 []


Underfull \hbox (badness 10000) in paragraph at lines 193--193
[]|\T2A/cmr/m/n/12 Сохранение
 []


Underfull \hbox (badness 10000) in paragraph at lines 193--193
\T2A/cmr/m/n/12 данных об
 []


Underfull \hbox (badness 10000) in paragraph at lines 193--193
[]|\T2A/cmr/m/n/12 Веб-интерфейс
 []


Underfull \hbox (badness 10000) in paragraph at lines 193--193
\T2A/cmr/m/n/12 кадрового
 []


Underfull \hbox (badness 10000) in paragraph at lines 195--195
[]|\T2A/cmr/m/n/12 Сохранение
 []


Underfull \hbox (badness 10000) in paragraph at lines 195--195
\T2A/cmr/m/n/12 данных об
 []


Underfull \hbox (badness 10000) in paragraph at lines 195--195
[]|\T2A/cmr/m/n/12 Веб-интерфейс
 []


Underfull \hbox (badness 10000) in paragraph at lines 195--195
\T2A/cmr/m/n/12 кадрового
 []


Underfull \hbox (badness 10000) in paragraph at lines 195--196
[]|\T2A/cmr/m/n/12 Результат сохранения
 []


Underfull \hbox (badness 10000) in paragraph at lines 197--197
[]|\T2A/cmr/m/n/12 Запрос
 []


Underfull \hbox (badness 10000) in paragraph at lines 197--197
\T2A/cmr/m/n/12 (син
 []


Underfull \hbox (badness 1748) in paragraph at lines 197--197
[]|\T2A/cmr/m/n/12 Сохранение ре
 []


Underfull \hbox (badness 10000) in paragraph at lines 197--197
[]|\T2A/cmr/m/n/12 Веб-интерфейс
 []


Underfull \hbox (badness 10000) in paragraph at lines 197--197
\T2A/cmr/m/n/12 кадрового
 []


Underfull \hbox (badness 10000) in paragraph at lines 199--199
[]|\T2A/cmr/m/n/12 Сохранение
 []


Underfull \hbox (badness 10000) in paragraph at lines 199--199
[]|\T2A/cmr/m/n/12 Веб-интерфейс
 []


Underfull \hbox (badness 10000) in paragraph at lines 199--199
\T2A/cmr/m/n/12 кадрового
 []


Underfull \hbox (badness 10000) in paragraph at lines 199--200
[]|\T2A/cmr/m/n/12 Результат сохранения
 []


Underfull \hbox (badness 10000) in paragraph at lines 201--201
[]|\T2A/cmr/m/n/12 Запрос
 []


Underfull \hbox (badness 10000) in paragraph at lines 201--201
\T2A/cmr/m/n/12 (син
 []


Underfull \hbox (badness 2111) in paragraph at lines 201--201
[]|\T2A/cmr/m/n/12 Изменение ста
 []


Underfull \hbox (badness 10000) in paragraph at lines 201--201
[]|\T2A/cmr/m/n/12 Веб-интерфейс
 []


Underfull \hbox (badness 10000) in paragraph at lines 201--201
\T2A/cmr/m/n/12 кадрового
 []


Underfull \hbox (badness 2875) in paragraph at lines 201--202
[]|\T2A/cmr/m/n/12 Идентификатор вакан
 []


Underfull \hbox (badness 2111) in paragraph at lines 203--203
[]|\T2A/cmr/m/n/12 Изменение ста
 []


Underfull \hbox (badness 10000) in paragraph at lines 203--203
[]|\T2A/cmr/m/n/12 Веб-интерфейс
 []


Underfull \hbox (badness 10000) in paragraph at lines 203--203
\T2A/cmr/m/n/12 кадрового
 []


Underfull \hbox (badness 10000) in paragraph at lines 203--204
[]|\T2A/cmr/m/n/12 Результат сохранения
 []


Underfull \hbox (badness 10000) in paragraph at lines 205--205
[]|\T2A/cmr/m/n/12 Запрос
 []


Underfull \hbox (badness 10000) in paragraph at lines 205--205
\T2A/cmr/m/n/12 (асин
 []


Overfull \hbox (29.50261pt too wide) in paragraph at lines 205--205
[]|\T2A/cmr/m/n/12 Открытие/изменение
 []


Underfull \hbox (badness 1292) in paragraph at lines 205--205
[]|\T2A/cmr/m/n/12 Отраслевая ор
 []


Underfull \hbox (badness 1817) in paragraph at lines 205--206
[]|\T2A/cmr/m/n/12 Данные резюме и об
 []


Overfull \hbox (29.50261pt too wide) in paragraph at lines 207--207
[]|\T2A/cmr/m/n/12 Открытие/изменение
 []


Underfull \hbox (badness 1292) in paragraph at lines 207--207
[]|\T2A/cmr/m/n/12 Отраслевая ор
 []


Underfull \hbox (badness 3364) in paragraph at lines 207--208
[]|\T2A/cmr/m/n/12 Отобранные вакансии,
 []


Underfull \hbox (badness 10000) in paragraph at lines 209--209
[]|\T2A/cmr/m/n/12 Запрос
 []


Underfull \hbox (badness 10000) in paragraph at lines 209--209
\T2A/cmr/m/n/12 (асин
 []


Underfull \hbox (badness 1817) in paragraph at lines 209--209
[]|\T2A/cmr/m/n/12 Отклик на ва
 []


Underfull \hbox (badness 1292) in paragraph at lines 209--209
[]|\T2A/cmr/m/n/12 Отраслевая ор
 []


Underfull \hbox (badness 1817) in paragraph at lines 209--210
[]|\T2A/cmr/m/n/12 Данные резюме и об
 []


Underfull \hbox (badness 1817) in paragraph at lines 211--211
[]|\T2A/cmr/m/n/12 Отклик на ва
 []


Underfull \hbox (badness 1292) in paragraph at lines 211--211
[]|\T2A/cmr/m/n/12 Отраслевая ор
 []


Underfull \hbox (badness 10000) in paragraph at lines 211--211
[]|\T2A/cmr/m/n/12 Компания-
 []


Underfull \hbox (badness 1107) in paragraph at lines 211--212
[]|\T2A/cmr/m/n/12 Список откликнувших
 []


Overfull \hbox (31.5472pt too wide) in alignment at lines 172--212
[] [] [] [] [] 
 []

[20]
Underfull \hbox (badness 10000) in paragraph at lines 213--213
[]|\T2A/cmr/m/n/12 Запрос
 []


Underfull \hbox (badness 10000) in paragraph at lines 213--213
\T2A/cmr/m/n/12 (асин
 []


Underfull \hbox (badness 10000) in paragraph at lines 213--213
[]|\T2A/cmr/m/n/12 Игнорировать
 []


Underfull \hbox (badness 1292) in paragraph at lines 213--213
[]|\T2A/cmr/m/n/12 Отраслевая ор
 []


Underfull \hbox (badness 1817) in paragraph at lines 213--214
[]|\T2A/cmr/m/n/12 Данные резюме и об
 []


Underfull \hbox (badness 10000) in paragraph at lines 215--215
[]|\T2A/cmr/m/n/12 Запрос
 []


Underfull \hbox (badness 10000) in paragraph at lines 215--215
\T2A/cmr/m/n/12 (асин
 []


Underfull \hbox (badness 1292) in paragraph at lines 215--215
[]|\T2A/cmr/m/n/12 Отраслевая ор
 []


Underfull \hbox (badness 1817) in paragraph at lines 215--216
[]|\T2A/cmr/m/n/12 Данные резюме и об
 []


Underfull \hbox (badness 1292) in paragraph at lines 217--217
[]|\T2A/cmr/m/n/12 Отраслевая ор
 []


Underfull \hbox (badness 10000) in paragraph at lines 217--217
[]|\T2A/cmr/m/n/12 Компания-
 []


Underfull \hbox (badness 10000) in paragraph at lines 219--219
[]|\T2A/cmr/m/n/12 Запрос
 []


Underfull \hbox (badness 10000) in paragraph at lines 219--219
\T2A/cmr/m/n/12 (асин
 []


Underfull \hbox (badness 10000) in paragraph at lines 219--219
[]|\T2A/cmr/m/n/12 Подтвердить
 []


Underfull \hbox (badness 1997) in paragraph at lines 219--219
\T2A/cmr/m/n/12 переход к сле
 []


Underfull \hbox (badness 10000) in paragraph at lines 219--219
\T2A/cmr/m/n/12 рассмотрения
 []


Underfull \hbox (badness 1292) in paragraph at lines 219--219
[]|\T2A/cmr/m/n/12 Отраслевая ор
 []


Underfull \hbox (badness 1817) in paragraph at lines 219--220
[]|\T2A/cmr/m/n/12 Данные резюме и об
 []


Underfull \hbox (badness 10000) in paragraph at lines 221--221
[]|\T2A/cmr/m/n/12 Подтвердить
 []


Underfull \hbox (badness 1997) in paragraph at lines 221--221
\T2A/cmr/m/n/12 переход к сле
 []


Underfull \hbox (badness 10000) in paragraph at lines 221--221
\T2A/cmr/m/n/12 рассмотрения
 []


Underfull \hbox (badness 1292) in paragraph at lines 221--221
[]|\T2A/cmr/m/n/12 Отраслевая ор
 []


Underfull \hbox (badness 10000) in paragraph at lines 221--221
[]|\T2A/cmr/m/n/12 Компания-
 []


Underfull \hbox (badness 10000) in paragraph at lines 223--223
[]|\T2A/cmr/m/n/12 Запрос
 []


Underfull \hbox (badness 10000) in paragraph at lines 223--223
\T2A/cmr/m/n/12 (асин
 []


Underfull \hbox (badness 1292) in paragraph at lines 223--223
[]|\T2A/cmr/m/n/12 Отраслевая ор
 []


Underfull \hbox (badness 10000) in paragraph at lines 223--223
[]|\T2A/cmr/m/n/12 Компания-
 []


Underfull \hbox (badness 10000) in paragraph at lines 225--225
[]|\T2A/cmr/m/n/12 Запрос
 []


Underfull \hbox (badness 10000) in paragraph at lines 225--225
\T2A/cmr/m/n/12 (асин
 []


Underfull \hbox (badness 10000) in paragraph at lines 225--225
[]|\T2A/cmr/m/n/12 Открытие
 []


Underfull \hbox (badness 10000) in paragraph at lines 225--225
[]|\T2A/cmr/m/n/12 Компания-
 []


Underfull \hbox (badness 1292) in paragraph at lines 225--225
[]|\T2A/cmr/m/n/12 Отраслевая ор
 []


Underfull \hbox (badness 10000) in paragraph at lines 227--227
[]|\T2A/cmr/m/n/12 Открытие
 []


Underfull \hbox (badness 1292) in paragraph at lines 227--227
[]|\T2A/cmr/m/n/12 Отраслевая ор
 []


Underfull \hbox (badness 10000) in paragraph at lines 227--228
\T2A/cmr/m/n/12 дому из отобранных
 []


Underfull \hbox (badness 10000) in paragraph at lines 229--229
[]|\T2A/cmr/m/n/12 Запрос
 []


Underfull \hbox (badness 10000) in paragraph at lines 229--229
\T2A/cmr/m/n/12 (асин
 []


Underfull \hbox (badness 10000) in paragraph at lines 229--229
[]|\T2A/cmr/m/n/12 Закрытие ва
 []


Underfull \hbox (badness 10000) in paragraph at lines 229--229
[]|\T2A/cmr/m/n/12 Компания-
 []


Underfull \hbox (badness 1292) in paragraph at lines 229--229
[]|\T2A/cmr/m/n/12 Отраслевая ор
 []


Underfull \hbox (badness 2875) in paragraph at lines 229--230
[]|\T2A/cmr/m/n/12 Идентификатор вакан
 []


Underfull \hbox (badness 10000) in paragraph at lines 231--231
[]|\T2A/cmr/m/n/12 Закрытие ва
 []


Underfull \hbox (badness 1292) in paragraph at lines 231--231
[]|\T2A/cmr/m/n/12 Отраслевая ор
 []


Underfull \hbox (badness 10000) in paragraph at lines 233--233
[]|\T2A/cmr/m/n/12 Запрос
 []


Underfull \hbox (badness 10000) in paragraph at lines 233--233
\T2A/cmr/m/n/12 (син
 []


Underfull \hbox (badness 10000) in paragraph at lines 233--233
\T2A/cmr/m/n/12 откликнувших
 []


Underfull \hbox (badness 10000) in paragraph at lines 233--233
\T2A/cmr/m/n/12 ся пользовате
 []


Underfull \hbox (badness 10000) in paragraph at lines 233--233
[]|\T2A/cmr/m/n/12 Веб-интерфейс
 []


Underfull \hbox (badness 10000) in paragraph at lines 233--233
\T2A/cmr/m/n/12 компании-нани
 []


Overfull \hbox (35.86145pt too wide) in paragraph at lines 233--233
[]|\T2A/cmr/m/n/12 Компания-наниматель| 
 []


Underfull \hbox (badness 10000) in paragraph at lines 235--235
\T2A/cmr/m/n/12 откликнувших
 []


Underfull \hbox (badness 10000) in paragraph at lines 235--235
\T2A/cmr/m/n/12 ся пользовате
 []


Overfull \hbox (35.86145pt too wide) in paragraph at lines 235--235
[]|\T2A/cmr/m/n/12 Компания-наниматель| 
 []


Underfull \hbox (badness 10000) in paragraph at lines 235--235
[]|\T2A/cmr/m/n/12 Веб-интерфейс
 []


Underfull \hbox (badness 10000) in paragraph at lines 235--235
\T2A/cmr/m/n/12 компании-нани
 []


Underfull \hbox (badness 10000) in paragraph at lines 237--237
[]|\T2A/cmr/m/n/12 Запрос
 []


Underfull \hbox (badness 10000) in paragraph at lines 237--237
\T2A/cmr/m/n/12 (син
 []


Underfull \hbox (badness 10000) in paragraph at lines 237--237
[]|\T2A/cmr/m/n/12 Веб-интерфейс
 []


Underfull \hbox (badness 10000) in paragraph at lines 237--237
\T2A/cmr/m/n/12 компании-нани
 []


Overfull \hbox (35.86145pt too wide) in paragraph at lines 237--237
[]|\T2A/cmr/m/n/12 Компания-наниматель| 
 []


Overfull \hbox (35.86145pt too wide) in paragraph at lines 239--239
[]|\T2A/cmr/m/n/12 Компания-наниматель| 
 []


Underfull \hbox (badness 10000) in paragraph at lines 239--239
[]|\T2A/cmr/m/n/12 Веб-интерфейс
 []


Underfull \hbox (badness 10000) in paragraph at lines 239--239
\T2A/cmr/m/n/12 компании-нани
 []


Underfull \hbox (badness 1616) in paragraph at lines 239--240
[]|\T2A/cmr/m/n/12 Список доступных ва
 []


Underfull \hbox (badness 10000) in paragraph at lines 241--241
[]|\T2A/cmr/m/n/12 Запрос
 []


Underfull \hbox (badness 10000) in paragraph at lines 241--241
\T2A/cmr/m/n/12 (син
 []


Underfull \hbox (badness 10000) in paragraph at lines 241--241
[]|\T2A/cmr/m/n/12 Сохранение
 []


Underfull \hbox (badness 10000) in paragraph at lines 241--241
[]|\T2A/cmr/m/n/12 Веб-интерфейс
 []


Underfull \hbox (badness 10000) in paragraph at lines 241--241
\T2A/cmr/m/n/12 компании-нани
 []


Overfull \hbox (35.86145pt too wide) in paragraph at lines 241--241
[]|\T2A/cmr/m/n/12 Компания-наниматель| 
 []


Underfull \hbox (badness 10000) in paragraph at lines 243--243
[]|\T2A/cmr/m/n/12 Сохранение
 []


Overfull \hbox (35.86145pt too wide) in paragraph at lines 243--243
[]|\T2A/cmr/m/n/12 Компания-наниматель| 
 []


Underfull \hbox (badness 10000) in paragraph at lines 243--243
[]|\T2A/cmr/m/n/12 Веб-интерфейс
 []


Underfull \hbox (badness 10000) in paragraph at lines 243--243
\T2A/cmr/m/n/12 компании-нани
 []


Underfull \hbox (badness 10000) in paragraph at lines 243--244
[]|\T2A/cmr/m/n/12 Результат сохранения
 []


Underfull \hbox (badness 10000) in paragraph at lines 245--245
[]|\T2A/cmr/m/n/12 Запрос
 []


Underfull \hbox (badness 10000) in paragraph at lines 245--245
\T2A/cmr/m/n/12 (асин
 []


Underfull \hbox (badness 4467) in paragraph at lines 245--245
[]|\T2A/cmr/m/n/12 Отказ от рас
 []


Underfull \hbox (badness 10000) in paragraph at lines 245--245
\T2A/cmr/m/n/12 смотрения
 []


Overfull \hbox (35.86145pt too wide) in paragraph at lines 245--245
[]|\T2A/cmr/m/n/12 Компания-наниматель| 
 []


Underfull \hbox (badness 1292) in paragraph at lines 245--245
[]|\T2A/cmr/m/n/12 Отраслевая ор
 []


Underfull \hbox (badness 10000) in paragraph at lines 245--246
[]|\T2A/cmr/m/n/12 Идентификатор ре
 []


Underfull \hbox (badness 10000) in paragraph at lines 245--246
\T2A/cmr/m/n/12 зюме, идентификатор
 []


Underfull \hbox (badness 10000) in paragraph at lines 245--246
\T2A/cmr/m/n/12 вакансии, текущий
 []


Underfull \hbox (badness 4467) in paragraph at lines 247--247
[]|\T2A/cmr/m/n/12 Отказ от рас
 []


Underfull \hbox (badness 10000) in paragraph at lines 247--247
\T2A/cmr/m/n/12 смотрения
 []


Underfull \hbox (badness 1292) in paragraph at lines 247--247
[]|\T2A/cmr/m/n/12 Отраслевая ор
 []


Underfull \hbox (badness 10000) in paragraph at lines 247--248
[]|\T2A/cmr/m/n/12 Идентификатор ре
 []


Underfull \hbox (badness 10000) in paragraph at lines 247--248
\T2A/cmr/m/n/12 зюме, идентификатор
 []


Underfull \hbox (badness 10000) in paragraph at lines 247--248
\T2A/cmr/m/n/12 вакансии, текущий
 []


Underfull \hbox (badness 10000) in paragraph at lines 249--249
[]|\T2A/cmr/m/n/12 Запрос
 []


Underfull \hbox (badness 10000) in paragraph at lines 249--249
\T2A/cmr/m/n/12 (асин
 []


Underfull \hbox (badness 10000) in paragraph at lines 249--249
[]|\T2A/cmr/m/n/12 Подтвердить
 []


Underfull \hbox (badness 1997) in paragraph at lines 249--249
\T2A/cmr/m/n/12 переход к сле
 []


Underfull \hbox (badness 10000) in paragraph at lines 249--249
\T2A/cmr/m/n/12 рассмотрения
 []


Underfull \hbox (badness 10000) in paragraph at lines 249--249
[]|\T2A/cmr/m/n/12 Компания-
 []


Underfull \hbox (badness 1292) in paragraph at lines 249--249
[]|\T2A/cmr/m/n/12 Отраслевая ор
 []


Underfull \hbox (badness 10000) in paragraph at lines 249--250
[]|\T2A/cmr/m/n/12 Идентификатор ре
 []


Underfull \hbox (badness 10000) in paragraph at lines 249--250
\T2A/cmr/m/n/12 зюме, идентификатор
 []


Underfull \hbox (badness 10000) in paragraph at lines 249--250
\T2A/cmr/m/n/12 вакансии, текущий
 []


Underfull \hbox (badness 10000) in paragraph at lines 251--251
[]|\T2A/cmr/m/n/12 Подтвердить
 []


Underfull \hbox (badness 1997) in paragraph at lines 251--251
\T2A/cmr/m/n/12 переход к сле
 []


Underfull \hbox (badness 10000) in paragraph at lines 251--251
\T2A/cmr/m/n/12 рассмотрения
 []


Underfull \hbox (badness 1292) in paragraph at lines 251--251
[]|\T2A/cmr/m/n/12 Отраслевая ор
 []


Underfull \hbox (badness 10000) in paragraph at lines 251--252
[]|\T2A/cmr/m/n/12 Идентификатор ре
 []


Underfull \hbox (badness 10000) in paragraph at lines 251--252
\T2A/cmr/m/n/12 зюме, идентификатор
 []


Overfull \hbox (31.5472pt too wide) in alignment at lines 212--252
[] [] [] [] [] 
 []

[21]
Overfull \hbox (31.5472pt too wide) in alignment at lines 252--254
[] [] [] [] [] 
 []

[22] [23] [24]) [25] (C:\Users\Lil\10\rpz\rpz\40-impl.tex
<include/Visio-hh-uml.pdf, id=688, 845.1575pt x 597.23125pt>
File: include/Visio-hh-uml.pdf Graphic file (type pdf)

<use include/Visio-hh-uml.pdf>
Package pdftex.def Info: include/Visio-hh-uml.pdf used on input line 30.
(pdftex.def)             Requested size: 455.24411pt x 321.70723pt.
 [26



] [27 <C:/Users/Lil/10/rpz/rpz/include/Visio-hh-uml.pdf, page is rotated 90 deg
rees>] [28]
<include/Visio-cmp-uml.pdf, id=746, 845.1575pt x 597.23125pt>
File: include/Visio-cmp-uml.pdf Graphic file (type pdf)

<use include/Visio-cmp-uml.pdf>
Package pdftex.def Info: include/Visio-cmp-uml.pdf used on input line 97.
(pdftex.def)             Requested size: 455.24411pt x 321.70723pt.
 [29 <C:/Users/Lil/10/rpz/rpz/include/Visio-cmp-uml.pdf, page is rotated 90 deg
rees>] [30]
<include/Visio-ia-uml.pdf, id=773, 597.23125pt x 421.575pt>
File: include/Visio-ia-uml.pdf Graphic file (type pdf)

<use include/Visio-ia-uml.pdf>
Package pdftex.def Info: include/Visio-ia-uml.pdf used on input line 148.
(pdftex.def)             Requested size: 455.24411pt x 321.35236pt.
 [31 <C:/Users/Lil/10/rpz/rpz/include/Visio-ia-uml.pdf, page is rotated 90 degr
ees>]
<include/Visio-asch-uml.pdf, id=793, 597.23125pt x 845.1575pt>
File: include/Visio-asch-uml.pdf Graphic file (type pdf)

<use include/Visio-asch-uml.pdf>
Package pdftex.def Info: include/Visio-asch-uml.pdf used on input line 180.
(pdftex.def)             Requested size: 227.62206pt x 322.1175pt.
 [32 <C:/Users/Lil/10/rpz/rpz/include/Visio-asch-uml.pdf>] [33]
Underfull \hbox (badness 10000) in paragraph at lines 222--222
[]|\T2A/cmr/m/n/12 Ожидаемый ре
 []


Underfull \hbox (badness 10000) in paragraph at lines 226--226
[]|\T2A/cmr/m/n/12 Ожидаемый ре
 []


Underfull \hbox (badness 2781) in paragraph at lines 232--232
[]|\T2A/cmr/m/n/12 Проверка работы
 []


Underfull \hbox (badness 2150) in paragraph at lines 232--232
[]|\T2A/cmr/m/n/12 Ввод корректных
 []


Underfull \hbox (badness 10000) in paragraph at lines 232--232
[]|\T2A/cmr/m/n/12 Успешная реги
 []


Underfull \hbox (badness 2781) in paragraph at lines 234--234
[]|\T2A/cmr/m/n/12 Проверка работы
 []


Underfull \hbox (badness 10000) in paragraph at lines 234--234
[]|\T2A/cmr/m/n/12 Ввод зареги
 []


Underfull \hbox (badness 10000) in paragraph at lines 234--234
\T2A/cmr/m/n/12 стрированного в
 []


Underfull \hbox (badness 2781) in paragraph at lines 236--236
[]|\T2A/cmr/m/n/12 Проверка работы
 []


Underfull \hbox (badness 10000) in paragraph at lines 236--236
[]|\T2A/cmr/m/n/12 Незаполненные
 []


Underfull \hbox (badness 2781) in paragraph at lines 238--238
[]|\T2A/cmr/m/n/12 Проверка работы
 []


Underfull \hbox (badness 2781) in paragraph at lines 240--240
[]|\T2A/cmr/m/n/12 Проверка работы
 []


Underfull \hbox (badness 10000) in paragraph at lines 240--240
[]|\T2A/cmr/m/n/12 Ввод незареги
 []


Underfull \hbox (badness 10000) in paragraph at lines 240--240
\T2A/cmr/m/n/12 стрированного в
 []


Underfull \hbox (badness 10000) in paragraph at lines 240--240
\T2A/cmr/m/n/12 системе логина
 []


Underfull \hbox (badness 10000) in paragraph at lines 240--240
\T2A/cmr/m/n/12 или неверного
 []


Underfull \hbox (badness 10000) in paragraph at lines 240--240
[]|\T2A/cmr/m/n/12 Сообщение, о
 []


Underfull \hbox (badness 6063) in paragraph at lines 240--240
\T2A/cmr/m/n/12 ошибке в e-mail
 []


Underfull \hbox (badness 10000) in paragraph at lines 242--242
[]|\T2A/cmr/m/n/12 Проверка созда
 []


Underfull \hbox (badness 2150) in paragraph at lines 242--242
[]|\T2A/cmr/m/n/12 Ввод корректных
 []


Underfull \hbox (badness 10000) in paragraph at lines 242--242
[]|\T2A/cmr/m/n/12 Успешное созда
 []


Underfull \hbox (badness 10000) in paragraph at lines 244--244
[]|\T2A/cmr/m/n/12 Проверка созда
 []


Underfull \hbox (badness 2150) in paragraph at lines 244--244
[]|\T2A/cmr/m/n/12 Ввод корректных
 []


Underfull \hbox (badness 10000) in paragraph at lines 244--244
[]|\T2A/cmr/m/n/12 Успешное созда
 []


Underfull \hbox (badness 2150) in paragraph at lines 246--246
[]|\T2A/cmr/m/n/12 Ввод корректных
 []


Underfull \hbox (badness 2781) in paragraph at lines 248--248
[]|\T2A/cmr/m/n/12 Повтор универси
 []


Underfull \hbox (badness 10000) in paragraph at lines 250--250
[]|\T2A/cmr/m/n/12 Проверка за
 []


Underfull \hbox (badness 10000) in paragraph at lines 250--250
\T2A/cmr/m/n/12 полнения дан
 []


Underfull \hbox (badness 5696) in paragraph at lines 250--250
\T2A/cmr/m/n/12 ных о владении
 []


Underfull \hbox (badness 10000) in paragraph at lines 250--250
\T2A/cmr/m/n/12 иностранными
 []


Underfull \hbox (badness 2150) in paragraph at lines 250--250
[]|\T2A/cmr/m/n/12 Ввод корректных
 []


Underfull \hbox (badness 10000) in paragraph at lines 252--252
[]|\T2A/cmr/m/n/12 Проверка за
 []


Underfull \hbox (badness 10000) in paragraph at lines 252--252
\T2A/cmr/m/n/12 полнения дан
 []


Underfull \hbox (badness 5696) in paragraph at lines 252--252
\T2A/cmr/m/n/12 ных о владении
 []


Underfull \hbox (badness 10000) in paragraph at lines 252--252
\T2A/cmr/m/n/12 иностранными
 []


Underfull \hbox (badness 10000) in paragraph at lines 252--252
[]|\T2A/cmr/m/n/12 Повтор наимено
 []


Underfull \hbox (badness 10000) in paragraph at lines 254--254
[]|\T2A/cmr/m/n/12 Проверка созда
 []


Underfull \hbox (badness 2150) in paragraph at lines 254--254
[]|\T2A/cmr/m/n/12 Ввод корректных
 []


Underfull \hbox (badness 10000) in paragraph at lines 254--254
[]|\T2A/cmr/m/n/12 Успешное созда
 []


Underfull \hbox (badness 2781) in paragraph at lines 256--256
[]|\T2A/cmr/m/n/12 Проверка отправ
 []


Underfull \hbox (badness 2781) in paragraph at lines 256--256
\T2A/cmr/m/n/12 раслевым органи
 []


Underfull \hbox (badness 10000) in paragraph at lines 256--256
[]|\T2A/cmr/m/n/12 Отправка вакан
 []


Underfull \hbox (badness 10000) in paragraph at lines 256--256
\T2A/cmr/m/n/12 сий для поиска
 []


Underfull \hbox (badness 5756) in paragraph at lines 256--256
[]|\T2A/cmr/m/n/12 Система отрасле
 []


Underfull \hbox (badness 10000) in paragraph at lines 256--256
\T2A/cmr/m/n/12 вой организации
 []


Underfull \hbox (badness 10000) in paragraph at lines 256--256
\T2A/cmr/m/n/12 запускает поиск
 []


Underfull \hbox (badness 10000) in paragraph at lines 256--256
\T2A/cmr/m/n/12 и информирует
 []


Underfull \hbox (badness 10000) in paragraph at lines 256--256
\T2A/cmr/m/n/12 ников о новой
 []


Underfull \hbox (badness 2781) in paragraph at lines 258--258
[]|\T2A/cmr/m/n/12 Проверка отправ
 []


Underfull \hbox (badness 2781) in paragraph at lines 258--258
\T2A/cmr/m/n/12 раслевым органи
 []


Underfull \hbox (badness 1097) in paragraph at lines 258--258
\T2A/cmr/m/n/12 зациям от кадро
 []


Underfull \hbox (badness 1616) in paragraph at lines 258--258
[]|\T2A/cmr/m/n/12 Отправка резюме
 []


Underfull \hbox (badness 5756) in paragraph at lines 258--258
[]|\T2A/cmr/m/n/12 Система отрасле
 []


Underfull \hbox (badness 10000) in paragraph at lines 258--258
\T2A/cmr/m/n/12 вой организации
 []


Underfull \hbox (badness 10000) in paragraph at lines 258--258
\T2A/cmr/m/n/12 запускает поиск
 []


Underfull \hbox (badness 10000) in paragraph at lines 258--258
\T2A/cmr/m/n/12 и информирует
 []


Underfull \hbox (badness 10000) in paragraph at lines 260--260
[]|\T2A/cmr/m/n/12 Закрыть вакан
 []


Underfull \hbox (badness 5756) in paragraph at lines 260--260
[]|\T2A/cmr/m/n/12 Система отрасле
 []


Underfull \hbox (badness 10000) in paragraph at lines 260--260
\T2A/cmr/m/n/12 вой организации
 []


Underfull \hbox (badness 10000) in paragraph at lines 260--260
\T2A/cmr/m/n/12 удаляет вакан
 []


Underfull \hbox (badness 10000) in paragraph at lines 260--260
\T2A/cmr/m/n/12 сию из списка
 []


Underfull \hbox (badness 10000) in paragraph at lines 260--260
\T2A/cmr/m/n/12 и сигнализиру
 []


Underfull \hbox (badness 10000) in paragraph at lines 260--260
\T2A/cmr/m/n/12 ет подписанным
 []


Underfull \hbox (badness 10000) in paragraph at lines 260--260
\T2A/cmr/m/n/12 пользователям о
 []


Underfull \hbox (badness 3260) in paragraph at lines 260--260
\T2A/cmr/m/n/12 закрытии указан
 []

[34] [35]) [36] (C:\Users\Lil\10\rpz\rpz\80-conclusion.tex) [37



]
(C:\Users\Lil\10\rpz\rpz\81-biblio.tex
No file rpz.bbl.

Underfull \hbox (badness 1072) in paragraph at lines 28--30
[]\T2A/cmr/m/n/12 Team, CherryPy. CherryPy Documentation.  http://docs.cherryp
y.org/
 []

) [38



]
Package atveryend Info: Empty hook `BeforeClearDocument' on input line 47.
Package atveryend Info: Empty hook `AfterLastShipout' on input line 47.
 (C:\Users\Lil\10\rpz\rpz\rpz.aux
(C:\Users\Lil\10\rpz\rpz\00-abstract.aux)
(C:\Users\Lil\10\rpz\rpz\11-abbrev.aux) (C:\Users\Lil\10\rpz\rpz\12-intro.aux)
(C:\Users\Lil\10\rpz\rpz\20-analysis.aux)
(C:\Users\Lil\10\rpz\rpz\30-design.aux) (C:\Users\Lil\10\rpz\rpz\40-impl.aux)
(C:\Users\Lil\10\rpz\rpz\80-conclusion.aux)
(C:\Users\Lil\10\rpz\rpz\81-biblio.aux))
Package atveryend Info: Executing hook `AtVeryEndDocument' on input line 47.
Package atveryend Info: Executing hook `AtEndAfterFileList' on input line 47.
Package rerunfilecheck Info: File `rpz.out' has not changed.
(rerunfilecheck)             Checksum: EA545956B8CDD218BC4E15F890226D39;15129.


LaTeX Font Warning: Some font shapes were not available, defaults substituted.

 ) 
Here is how much of TeX's memory you used:
 22429 strings out of 494045
 372462 string characters out of 3148393
 501351 words of memory out of 3000000
 24941 multiletter control sequences out of 15000+200000
 14206 words of font info for 42 fonts, out of 3000000 for 9000
 715 hyphenation exceptions out of 8191
 60i,9n,75p,1285b,604s stack positions out of 5000i,500n,10000p,200000b,50000s
 <C:\Users\Lil\AppData\Local\MiKTeX\2.9\fonts\pk\ljfour\lh\lh-t2a\dpi600\lati
1200.pk> <C:\Users\Lil\AppData\Local\MiKTeX\2.9\fonts\pk\ljfour\lh\lh-t2a\dpi60
0\labx1200.pk> <C:\Users\Lil\AppData\Local\MiKTeX\2.9\fonts\pk\ljfour\unknown\u
nknown\dpi600\larm1200.pk> <C:\Users\Lil\AppData\Local\MiKTeX\2.9\fonts\pk\ljfo
ur\lh\lh-t2a\dpi600\labx1440.pk><C:/Program Files/MiKTeX 2.9/fonts/type1/public
/amsfonts/cm/cmmi12.pfb><C:/Program Files/MiKTeX 2.9/fonts/type1/public/amsfont
s/cm/cmr12.pfb><C:/Program Files/MiKTeX 2.9/fonts/type1/public/amsfonts/cm/cmsy
10.pfb><C:/Program Files/MiKTeX 2.9/fonts/type1/public/amsfonts/symbols/msam10.
pfb>
Output written on rpz.pdf (38 pages, 830878 bytes).
PDF statistics:
 1200 PDF objects out of 1200 (max. 8388607)
 266 named destinations out of 1000 (max. 500000)
 550 words of extra memory for PDF output out of 10000 (max. 10000000)

